2023-03-24 12:59:01,670 root ERROR Division by ZERO is not Valid
2023-03-24 12:59:50,059 root ERROR Division by ZERO is not Valid
2023-03-24 13:02:33,677 root ERROR Division by ZERO is not Valid
2023-03-24 13:03:39,933 root ERROR Division by ZERO is not Valid
2023-03-24 13:08:16,091 parso.python.diff DEBUG diff parser start
2023-03-24 13:08:16,092 parso.python.diff DEBUG line_lengths old: 10; new: 5
2023-03-24 13:08:16,092 parso.python.diff DEBUG -> code[replace] old[1:3] new[1:1]
2023-03-24 13:08:16,093 parso.python.diff DEBUG parse_part from 1 to 5 (to 4 in part parser)
2023-03-24 13:08:16,093 parso.python.diff DEBUG -> code[equal] old[4:5] new[2:3]
2023-03-24 13:08:16,093 parso.python.diff DEBUG -> code[replace] old[6:10] new[4:5]
2023-03-24 13:08:16,093 parso.python.diff DEBUG diff parser end
2023-03-24 13:08:16,103 parso.cache DEBUG pickle loaded: /home/utpal/.local/lib/python3.10/site-packages/jedi/third_party/typeshed/stdlib/3/io.pyi
2023-03-24 13:08:16,112 parso.cache DEBUG pickle loaded: /home/utpal/.local/lib/python3.10/site-packages/jedi/third_party/typeshed/stdlib/2and3/_typeshed/__init__.pyi
2023-03-24 13:08:16,127 parso.cache DEBUG pickle loaded: /usr/lib/python3.10/os.py
2023-03-24 13:08:16,137 parso.cache DEBUG pickle loaded: /home/utpal/.local/lib/python3.10/site-packages/jedi/third_party/typeshed/stdlib/3/os/__init__.pyi
2023-03-24 13:08:16,157 parso.cache DEBUG pickle loaded: /usr/lib/python3.10/abc.py
2023-03-24 13:08:16,158 parso.cache DEBUG pickle loaded: /home/utpal/.local/lib/python3.10/site-packages/jedi/third_party/typeshed/stdlib/3/abc.pyi
2023-03-24 13:08:28,066 parso.python.diff DEBUG diff parser start
2023-03-24 13:08:28,067 parso.python.diff DEBUG line_lengths old: 5; new: 6
2023-03-24 13:08:28,067 parso.python.diff DEBUG -> code[equal] old[1:4] new[1:4]
2023-03-24 13:08:28,067 parso.python.diff DEBUG parse_part from 1 to 6 (to 5 in part parser)
2023-03-24 13:08:28,067 parso.python.diff DEBUG -> code[replace] old[5:5] new[5:6]
2023-03-24 13:08:28,068 parso.python.diff DEBUG diff parser end
2023-03-24 13:08:58,468 parso.python.diff DEBUG diff parser start
2023-03-24 13:08:58,468 parso.python.diff DEBUG line_lengths old: 6; new: 7
2023-03-24 13:08:58,468 parso.python.diff DEBUG -> code[equal] old[1:5] new[1:5]
2023-03-24 13:08:58,470 parso.python.diff DEBUG parse_part from 1 to 7 (to 6 in part parser)
2023-03-24 13:08:58,470 parso.python.diff DEBUG -> code[replace] old[6:6] new[6:7]
2023-03-24 13:08:58,470 parso.python.diff DEBUG diff parser end
2023-03-24 13:09:04,024 parso.python.diff DEBUG diff parser start
2023-03-24 13:09:04,025 parso.python.diff DEBUG line_lengths old: 7; new: 7
2023-03-24 13:09:04,025 parso.python.diff DEBUG -> code[equal] old[1:6] new[1:6]
2023-03-24 13:09:04,027 parso.python.diff DEBUG parse_part from 1 to 7 (to 6 in part parser)
2023-03-24 13:09:04,027 parso.python.diff DEBUG -> code[replace] old[7:7] new[7:7]
2023-03-24 13:09:04,027 parso.python.diff DEBUG diff parser end
2023-03-24 13:09:07,666 parso.python.diff DEBUG diff parser start
2023-03-24 13:09:07,667 parso.python.diff DEBUG line_lengths old: 7; new: 7
2023-03-24 13:09:07,668 parso.python.diff DEBUG -> code[equal] old[1:6] new[1:6]
2023-03-24 13:09:07,670 parso.python.diff DEBUG parse_part from 1 to 7 (to 6 in part parser)
2023-03-24 13:09:07,670 parso.python.diff DEBUG -> code[replace] old[7:7] new[7:7]
2023-03-24 13:09:07,670 parso.python.diff DEBUG diff parser end
2023-03-24 13:09:45,709 parso.python.diff DEBUG diff parser start
2023-03-24 13:09:45,710 parso.python.diff DEBUG line_lengths old: 7; new: 8
2023-03-24 13:09:45,710 parso.python.diff DEBUG -> code[equal] old[1:6] new[1:6]
2023-03-24 13:09:45,711 parso.python.diff DEBUG parse_part from 1 to 8 (to 7 in part parser)
2023-03-24 13:09:45,711 parso.python.diff DEBUG -> code[replace] old[7:7] new[7:8]
2023-03-24 13:09:45,712 parso.python.diff DEBUG diff parser end
2023-03-24 13:09:48,530 parso.python.diff DEBUG diff parser start
2023-03-24 13:09:48,530 parso.python.diff DEBUG line_lengths old: 8; new: 8
2023-03-24 13:09:48,530 parso.python.diff DEBUG -> code[equal] old[1:7] new[1:7]
2023-03-24 13:09:48,532 parso.python.diff DEBUG parse_part from 1 to 8 (to 7 in part parser)
2023-03-24 13:09:48,532 parso.python.diff DEBUG -> code[replace] old[8:8] new[8:8]
2023-03-24 13:09:48,532 parso.python.diff DEBUG diff parser end
2023-03-24 13:10:12,768 parso.python.diff DEBUG diff parser start
2023-03-24 13:10:12,769 parso.python.diff DEBUG line_lengths old: 8; new: 10
2023-03-24 13:10:12,769 parso.python.diff DEBUG -> code[equal] old[1:7] new[1:7]
2023-03-24 13:10:12,771 parso.python.diff DEBUG parse_part from 1 to 10 (to 9 in part parser)
2023-03-24 13:10:12,771 parso.python.diff DEBUG -> code[replace] old[8:8] new[8:10]
2023-03-24 13:10:12,771 parso.python.diff DEBUG diff parser end
2023-03-24 13:10:20,559 root ERROR test.txt File not found
2023-03-24 13:12:17,046 root ERROR not readable
